<?xml version="1.0" encoding="UTF-8"?>
<!-- Generated by org.testng.reporters.JUnitReportReporter -->
<testsuite hostname="chandni" failures="0" tests="1" name="Automation.Login" time="30.836" errors="0" timestamp="2022-09-08T12:59:50 IST" skipped="0">
  <testcase classname="Automation.Login" name="SubmitOrder" time="30.836"/>
  <system-out/>
</testsuite> <!-- Automation.Login -->
