<?xml version="1.0" encoding="UTF-8"?>
<!-- Generated by org.testng.reporters.JUnitReportReporter -->
<testsuite hostname="chandni" failures="0" tests="1" name="Automation.ErrorValidation" time="10.077" errors="0" timestamp="2022-09-05T16:26:27 IST" skipped="0">
  <testcase classname="Automation.ErrorValidation" name="IncorrectLogin" time="10.077"/>
  <system-out/>
</testsuite> <!-- Automation.ErrorValidation -->
